[0.786s] Invoking command in '/home/desk/Desktop/ros2_ws/cv_basics': PYTHONPATH=/home/desk/Desktop/ros2_ws/build/cv_basics/prefix_override:/home/desk/Desktop/ros2_ws/install/cv_basics/lib/python3.8/site-packages:${PYTHONPATH} /usr/bin/python3 setup.py egg_info --egg-base ../build/cv_basics build --build-base /home/desk/Desktop/ros2_ws/build/cv_basics/build install --record /home/desk/Desktop/ros2_ws/build/cv_basics/install.log --install-scripts $base/lib/cv_basics --single-version-externally-managed
[1.011s] running egg_info
[1.012s] creating ../build/cv_basics/cv_basics.egg-info
[1.012s] writing ../build/cv_basics/cv_basics.egg-info/PKG-INFO
[1.012s] writing dependency_links to ../build/cv_basics/cv_basics.egg-info/dependency_links.txt
[1.012s] writing entry points to ../build/cv_basics/cv_basics.egg-info/entry_points.txt
[1.012s] writing requirements to ../build/cv_basics/cv_basics.egg-info/requires.txt
[1.013s] writing top-level names to ../build/cv_basics/cv_basics.egg-info/top_level.txt
[1.014s] writing manifest file '../build/cv_basics/cv_basics.egg-info/SOURCES.txt'
[1.044s] reading manifest file '../build/cv_basics/cv_basics.egg-info/SOURCES.txt'
[1.044s] writing manifest file '../build/cv_basics/cv_basics.egg-info/SOURCES.txt'
[1.044s] running build
[1.044s] running build_py
[1.044s] creating /home/desk/Desktop/ros2_ws/build/cv_basics/build
[1.045s] creating /home/desk/Desktop/ros2_ws/build/cv_basics/build/lib
[1.045s] creating /home/desk/Desktop/ros2_ws/build/cv_basics/build/lib/cv_basics
[1.045s] copying cv_basics/webcam_pub.py -> /home/desk/Desktop/ros2_ws/build/cv_basics/build/lib/cv_basics
[1.045s] copying cv_basics/__init__.py -> /home/desk/Desktop/ros2_ws/build/cv_basics/build/lib/cv_basics
[1.045s] copying cv_basics/webcam_sub.py -> /home/desk/Desktop/ros2_ws/build/cv_basics/build/lib/cv_basics
[1.045s] running install
[1.045s] running install_lib
[1.046s] creating /home/desk/Desktop/ros2_ws/install/cv_basics/lib/python3.8/site-packages/cv_basics
[1.046s] copying /home/desk/Desktop/ros2_ws/build/cv_basics/build/lib/cv_basics/webcam_pub.py -> /home/desk/Desktop/ros2_ws/install/cv_basics/lib/python3.8/site-packages/cv_basics
[1.046s] copying /home/desk/Desktop/ros2_ws/build/cv_basics/build/lib/cv_basics/__init__.py -> /home/desk/Desktop/ros2_ws/install/cv_basics/lib/python3.8/site-packages/cv_basics
[1.047s] copying /home/desk/Desktop/ros2_ws/build/cv_basics/build/lib/cv_basics/webcam_sub.py -> /home/desk/Desktop/ros2_ws/install/cv_basics/lib/python3.8/site-packages/cv_basics
[1.047s] byte-compiling /home/desk/Desktop/ros2_ws/install/cv_basics/lib/python3.8/site-packages/cv_basics/webcam_pub.py to webcam_pub.cpython-38.pyc
[1.048s] byte-compiling /home/desk/Desktop/ros2_ws/install/cv_basics/lib/python3.8/site-packages/cv_basics/__init__.py to __init__.cpython-38.pyc
[1.048s] byte-compiling /home/desk/Desktop/ros2_ws/install/cv_basics/lib/python3.8/site-packages/cv_basics/webcam_sub.py to webcam_sub.cpython-38.pyc
[1.049s] running install_data
[1.049s] creating /home/desk/Desktop/ros2_ws/install/cv_basics/share/ament_index
[1.049s] creating /home/desk/Desktop/ros2_ws/install/cv_basics/share/ament_index/resource_index
[1.049s] creating /home/desk/Desktop/ros2_ws/install/cv_basics/share/ament_index/resource_index/packages
[1.049s] copying resource/cv_basics -> /home/desk/Desktop/ros2_ws/install/cv_basics/share/ament_index/resource_index/packages
[1.049s] copying package.xml -> /home/desk/Desktop/ros2_ws/install/cv_basics/share/cv_basics
[1.050s] running install_egg_info
[1.051s] Copying ../build/cv_basics/cv_basics.egg-info to /home/desk/Desktop/ros2_ws/install/cv_basics/lib/python3.8/site-packages/cv_basics-0.0.0-py3.8.egg-info
[1.051s] running install_scripts
[1.070s] Installing img_publisher script to /home/desk/Desktop/ros2_ws/install/cv_basics/lib/cv_basics
[1.070s] Installing img_subscriber script to /home/desk/Desktop/ros2_ws/install/cv_basics/lib/cv_basics
[1.070s] writing list of installed files to '/home/desk/Desktop/ros2_ws/build/cv_basics/install.log'
[1.109s] Invoked command in '/home/desk/Desktop/ros2_ws/cv_basics' returned '0': PYTHONPATH=/home/desk/Desktop/ros2_ws/build/cv_basics/prefix_override:/home/desk/Desktop/ros2_ws/install/cv_basics/lib/python3.8/site-packages:${PYTHONPATH} /usr/bin/python3 setup.py egg_info --egg-base ../build/cv_basics build --build-base /home/desk/Desktop/ros2_ws/build/cv_basics/build install --record /home/desk/Desktop/ros2_ws/build/cv_basics/install.log --install-scripts $base/lib/cv_basics --single-version-externally-managed
